<?xml version="1.0" encoding="UTF-8"?>
<!-- Generated by org.testng.reporters.JUnitXMLReporter -->
<testsuite hostname="Yogesh" name="DeleteLeadTest" tests="1" failures="0" timestamp="19 Aug 2018 08:44:33 GMT" time="1.003" errors="0">
  <testcase name="@AfterMethod quit" time="0.0" classname="com.qtpselenium.zoho.testcases.DeleteLeadTest">
    <failure type="java.lang.NullPointerException">
      <![CDATA[java.lang.NullPointerException
	at com.qtpselenium.zoho.testcases.DeleteLeadTest.quit(DeleteLeadTest.java:36)
	at java.util.concurrent.FutureTask.run(FutureTask.java:266)
	at java.util.concurrent.ThreadPoolExecutor.runWorker(ThreadPoolExecutor.java:1142)
	at java.util.concurrent.ThreadPoolExecutor$Worker.run(ThreadPoolExecutor.java:617)
	at java.lang.Thread.run(Thread.java:745)
... Removed 18 stack frames]]>
    </failure>
  </testcase> <!-- @AfterMethod quit -->
  <testcase name="deleteLeadTest" time="0.002" classname="com.qtpselenium.zoho.testcases.DeleteLeadTest">
    <skipped/>
  </testcase> <!-- deleteLeadTest -->
</testsuite> <!-- DeleteLeadTest -->
